<?xml version="1.0" encoding="UTF-8"?>
<!-- Generated by org.testng.reporters.JUnitReportReporter -->
<testsuite hostname="DESKTOP-9EN2MA4" name="cura.cura.MainValidation" tests="6" failures="0" timestamp="25 Sep 2020 07:41:57 GMT" time="141.836" errors="0">
  <testcase name="linksValidation" time="18.040" classname="cura.cura.MainValidation"/>
  <testcase name="appointButtonValidation" time="36.948" classname="cura.cura.MainValidation"/>
  <testcase name="barsValidation" time="20.779" classname="cura.cura.MainValidation"/>
  <testcase name="linksValidation" time="28.714" classname="cura.cura.MainValidation"/>
  <testcase name="appointButtonValidation" time="17.624" classname="cura.cura.MainValidation"/>
  <testcase name="barsValidation" time="19.731" classname="cura.cura.MainValidation"/>
</testsuite> <!-- cura.cura.MainValidation -->
