<?xml version="1.0" encoding="UTF-8"?>
<!-- Generated by org.testng.reporters.JUnitReportReporter -->
<testsuite hostname="DESKTOP-9EN2MA4" name="cura.cura.AppointmentValidation" tests="2" failures="0" timestamp="24 Sep 2020 16:02:39 GMT" time="12.577" errors="0">
  <testcase name="clickButton" time="6.270" classname="cura.cura.AppointmentValidation"/>
  <testcase name="clickButton" time="6.307" classname="cura.cura.AppointmentValidation"/>
</testsuite> <!-- cura.cura.AppointmentValidation -->
