<?xml version="1.0" encoding="UTF-8"?>
<!-- Generated by org.testng.reporters.JUnitReportReporter -->
<testsuite hostname="DESKTOP-9EN2MA4" name="cura.cura.LoginValidation" tests="2" failures="0" timestamp="24 Sep 2020 16:09:24 GMT" time="15.311" errors="0">
  <testcase name="clickButton" time="9.143" classname="cura.cura.LoginValidation"/>
  <testcase name="clickButton" time="6.168" classname="cura.cura.LoginValidation"/>
</testsuite> <!-- cura.cura.LoginValidation -->
