<?xml version="1.0" encoding="UTF-8"?>
<!-- Generated by org.testng.reporters.JUnitReportReporter -->
<testsuite hostname="DESKTOP-9EN2MA4" name="cura.cura.LoginValidation" tests="2" failures="0" timestamp="25 Sep 2020 08:55:15 GMT" time="13.657" errors="0">
  <testcase name="clickButton" time="7.312" classname="cura.cura.LoginValidation"/>
  <testcase name="clickButton" time="6.345" classname="cura.cura.LoginValidation"/>
</testsuite> <!-- cura.cura.LoginValidation -->
