<?xml version="1.0" encoding="UTF-8"?>
<!-- Generated by org.testng.reporters.JUnitReportReporter -->
<testsuite hostname="DESKTOP-9EN2MA4" name="cura.cura.AppointmentValidation" tests="2" failures="0" timestamp="25 Sep 2020 08:34:56 GMT" time="8.277" errors="0">
  <testcase name="appointmentValidations" time="3.177" classname="cura.cura.AppointmentValidation"/>
  <testcase name="appointmentValidations" time="5.100" classname="cura.cura.AppointmentValidation"/>
</testsuite> <!-- cura.cura.AppointmentValidation -->
